

Trade: Z12 portfolio 22.03.2016
Read Z12.fac
Read Z12.par
Lookback period (500 bars)
[42: Thu 19.11.15 16:01]  123.1450
[43: Thu 19.11.15 20:01]  122.9790
[44: Fri 20.11.15 00:01]  122.8190
[45: Fri 20.11.15 04:01]  122.9430
[46: Fri 20.11.15 08:01]  122.8950
[47: Fri 20.11.15 12:01]  122.8290
[48: Fri 20.11.15 16:01]  122.8060
[49: Mon 23.11.15 00:01]  122.7740
[50: Mon 23.11.15 04:01]  122.8700
[51: Mon 23.11.15 08:01]  123.2390
[52: Mon 23.11.15 12:01]  123.1970
[53: Mon 23.11.15 16:01]  123.1760
[54: Mon 23.11.15 20:01]  122.8200
[55: Tue 24.11.15 00:01]  122.8530
[56: Tue 24.11.15 04:01]  122.8830
[57: Tue 24.11.15 08:01]  122.7680
[58: Tue 24.11.15 12:01]  122.7090
[59: Tue 24.11.15 16:01]  122.5760
[60: Tue 24.11.15 20:01]  122.5880
[61: Wed 25.11.15 00:01]  122.4020
[62: Wed 25.11.15 04:01]  122.5180
[63: Wed 25.11.15 08:01]  122.2640
[64: Wed 25.11.15 12:01]  122.2970
[65: Wed 25.11.15 16:01]  122.5990
[66: Wed 25.11.15 20:01]  122.8750
[67: Thu 26.11.15 00:01]  122.6960
[68: Thu 26.11.15 04:01]  122.6990
[69: Thu 26.11.15 08:01]  122.6130
[70: Thu 26.11.15 12:01]  122.6190
[71: Thu 26.11.15 16:01]  122.5580
[72: Thu 26.11.15 20:01]  122.5320
[73: Fri 27.11.15 00:01]  122.6020
[74: Fri 27.11.15 04:01]  122.6270
[75: Fri 27.11.15 08:01]  122.6000
[76: Fri 27.11.15 12:01]  122.3780
[77: Fri 27.11.15 16:01]  122.6040
[78: Mon 30.11.15 00:01]  122.6890
[79: Mon 30.11.15 04:01]  122.7600
[80: Mon 30.11.15 08:01]  122.7420
[81: Mon 30.11.15 12:01]  122.8100
[82: Mon 30.11.15 16:01]  123.0200
[83: Mon 30.11.15 20:01]  123.0730
[84: Tue 01.12.15 00:01]  123.1340
[85: Tue 01.12.15 04:01]  123.1470
[86: Tue 01.12.15 08:01]  122.7400
[87: Tue 01.12.15 12:01]  122.9250
[88: Tue 01.12.15 16:01]  123.1380
[89: Tue 01.12.15 20:01]  123.0580
[90: Wed 02.12.15 00:01]  122.8170
[91: Wed 02.12.15 04:01]  122.9080
[92: Wed 02.12.15 08:01]  122.9990
[93: Wed 02.12.15 12:01]  123.1170
[94: Wed 02.12.15 16:01]  123.1150
[95: Wed 02.12.15 20:01]  123.4080
[96: Thu 03.12.15 00:01]  123.3810
[97: Thu 03.12.15 04:01]  123.2840
[98: Thu 03.12.15 08:01]  123.3400
[99: Thu 03.12.15 12:01]  123.4550.
[100: Thu 03.12.15 16:01]  123.4590
[101: Thu 03.12.15 20:01]  123.3140
[102: Fri 04.12.15 00:01]  122.6460
[103: Fri 04.12.15 04:01]  122.6530
[104: Fri 04.12.15 08:01]  122.6020
[105: Fri 04.12.15 12:01]  122.6100
[106: Fri 04.12.15 16:01]  122.8670
[107: Mon 07.12.15 00:01]  123.0070
[108: Mon 07.12.15 04:01]  123.1990
[109: Mon 07.12.15 08:01]  123.3010
[110: Mon 07.12.15 12:01]  123.2810
[111: Mon 07.12.15 16:01]  123.3840
[112: Mon 07.12.15 20:01]  123.3570
[113: Tue 08.12.15 00:01]  123.3230
[114: Tue 08.12.15 04:01]  123.3670
[115: Tue 08.12.15 08:01]  123.1350
[116: Tue 08.12.15 12:01]  123.1240
[117: Tue 08.12.15 16:01]  123.1700
[118: Tue 08.12.15 20:01]  122.8220
[119: Wed 09.12.15 00:01]  122.9320
[120: Wed 09.12.15 04:01]  122.8930
[121: Wed 09.12.15 08:01]  122.7770
[122: Wed 09.12.15 12:01]  122.7120
[123: Wed 09.12.15 16:01]  122.6610
[124: Wed 09.12.15 20:01]  122.0390
[125: Thu 10.12.15 00:01]  121.1240
[126: Thu 10.12.15 04:01]  121.6270
[127: Thu 10.12.15 08:01]  121.5700
[128: Thu 10.12.15 12:01]  121.6310
[129: Thu 10.12.15 16:01]  121.6740
[130: Thu 10.12.15 20:01]  121.4270
[131: Fri 11.12.15 00:01]  121.5030
[132: Fri 11.12.15 04:01]  121.6530
[133: Fri 11.12.15 08:01]  122.0720
[134: Fri 11.12.15 12:01]  121.9550
[135: Fri 11.12.15 16:01]  121.5880
[136: Mon 14.12.15 00:01]  120.9920
[137: Mon 14.12.15 04:01]  121.0780
[138: Mon 14.12.15 08:01]  121.0690
[139: Mon 14.12.15 12:01]  121.2220
[140: Mon 14.12.15 16:01]  121.1880
[141: Mon 14.12.15 20:01]  120.7990
[142: Tue 15.12.15 00:01]  120.7500
[143: Tue 15.12.15 04:01]  120.9120
[144: Tue 15.12.15 08:01]  121.0500
[145: Tue 15.12.15 12:01]  120.7740
[146: Tue 15.12.15 16:01]  121.0490
[147: Tue 15.12.15 20:01]  121.4240
[148: Wed 16.12.15 00:01]  121.7830
[149: Wed 16.12.15 04:01]  121.6760
[150: Wed 16.12.15 08:01]  121.7270
[151: Wed 16.12.15 12:01]  121.8350
[152: Wed 16.12.15 16:01]  121.9900
[153: Wed 16.12.15 20:01]  121.8270
[154: Thu 17.12.15 00:01]  121.7250
[155: Thu 17.12.15 04:01]  122.3260
[156: Thu 17.12.15 08:01]  122.6120
[157: Thu 17.12.15 12:01]  122.2990
[158: Thu 17.12.15 16:01]  122.4300
[159: Thu 17.12.15 20:01]  122.6970
[160: Fri 18.12.15 00:01]  122.7710
[161: Fri 18.12.15 04:01]  122.5240
[162: Fri 18.12.15 08:01]  122.4630
[163: Fri 18.12.15 12:01]  121.8120
[164: Fri 18.12.15 16:01]  121.5990
[165: Mon 21.12.15 00:01]  121.5100
[166: Mon 21.12.15 04:01]  121.3100
[167: Mon 21.12.15 08:01]  121.1940
[168: Mon 21.12.15 12:01]  121.3250
[169: Mon 21.12.15 16:01]  121.3200
[170: Mon 21.12.15 20:01]  121.1260
[171: Tue 22.12.15 00:01]  121.1460
[172: Tue 22.12.15 04:01]  121.2330
[173: Tue 22.12.15 08:01]  121.2310
[174: Tue 22.12.15 12:01]  121.2000
[175: Tue 22.12.15 16:01]  121.0590
[176: Tue 22.12.15 20:01]  120.8770
[177: Wed 23.12.15 00:01]  121.0530
[178: Wed 23.12.15 04:01]  121.0280
[179: Wed 23.12.15 08:01]  121.0100
[180: Wed 23.12.15 12:01]  120.9120
[181: Wed 23.12.15 16:01]  120.9700
[182: Wed 23.12.15 20:01]  120.9020
[183: Thu 24.12.15 00:01]  120.8360
[184: Thu 24.12.15 04:01]  120.9170
[185: Thu 24.12.15 08:01]  120.6820
[186: Thu 24.12.15 12:01]  120.5820
[187: Thu 24.12.15 16:01]  120.2950
[188: Thu 24.12.15 20:01]  120.3350
[189: Mon 28.12.15 00:01]  120.2730
[190: Mon 28.12.15 04:01]  120.2660
[191: Mon 28.12.15 08:01]  120.3940
[192: Mon 28.12.15 12:01]  120.4720
[193: Mon 28.12.15 16:01]  120.5530
[194: Mon 28.12.15 20:01]  120.3890
[195: Tue 29.12.15 00:01]  120.3800
[196: Tue 29.12.15 04:01]  120.3660
[197: Tue 29.12.15 08:01]  120.2830
[198: Tue 29.12.15 12:01]  120.3670
[199: Tue 29.12.15 16:01]  120.4140.
[200: Tue 29.12.15 20:01]  120.4230
[201: Wed 30.12.15 00:01]  120.4100
[202: Wed 30.12.15 04:01]  120.4930
[203: Wed 30.12.15 08:01]  120.5010
[204: Wed 30.12.15 12:01]  120.4050
[205: Wed 30.12.15 16:01]  120.4490
[206: Wed 30.12.15 20:01]  120.6000
[207: Thu 31.12.15 00:01]  120.6200
[208: Thu 31.12.15 04:01]  120.5090
[209: Thu 31.12.15 08:01]  120.4470
[210: Thu 31.12.15 12:01]  120.4290
[211: Thu 31.12.15 16:01]  120.3830
[212: Thu 31.12.15 20:01]  120.2890
[213: Mon 04.01.16 00:01]  120.2090
[214: Mon 04.01.16 04:01]  120.2910
[215: Mon 04.01.16 08:01]  119.8160
[216: Mon 04.01.16 12:01]  119.4230
[217: Mon 04.01.16 16:01]  118.9980
[218: Mon 04.01.16 20:01]  119.0800
[219: Tue 05.01.16 00:01]  119.3600
[220: Tue 05.01.16 04:01]  119.3120
[221: Tue 05.01.16 08:01]  119.6260
[222: Tue 05.01.16 12:01]  119.4590
[223: Tue 05.01.16 16:01]  119.1150
[224: Tue 05.01.16 20:01]  119.1130
[225: Wed 06.01.16 00:01]  119.0250
[226: Wed 06.01.16 04:01]  119.1230
[227: Wed 06.01.16 08:01]  118.4920
[228: Wed 06.01.16 12:01]  118.6590
[229: Wed 06.01.16 16:01]  118.4070
[230: Wed 06.01.16 20:01]  118.5840
[231: Thu 07.01.16 00:01]  118.6130
[232: Thu 07.01.16 04:01]  118.4690
[233: Thu 07.01.16 08:01]  117.9820
[234: Thu 07.01.16 12:01]  118.0260
[235: Thu 07.01.16 16:01]  117.6240
[236: Thu 07.01.16 20:01]  118.0790
[237: Fri 08.01.16 00:01]  117.6270
[238: Fri 08.01.16 04:01]  117.6000
[239: Fri 08.01.16 08:01]  118.2090
[240: Fri 08.01.16 12:01]  118.4610
[241: Fri 08.01.16 16:01]  118.3310
[242: Mon 11.01.16 00:01]  118.1900
[243: Mon 11.01.16 04:01]  116.8180
[244: Mon 11.01.16 08:01]  117.2560
[245: Mon 11.01.16 12:01]  117.1340
[246: Mon 11.01.16 16:01]  117.6110
[247: Mon 11.01.16 20:01]  117.6150
[248: Tue 12.01.16 00:01]  117.2900
[249: Tue 12.01.16 04:01]  117.7030
[250: Tue 12.01.16 08:01]  117.5840
[251: Tue 12.01.16 12:01]  117.3190
[252: Tue 12.01.16 16:01]  117.8030
[253: Tue 12.01.16 20:01]  117.8210
[254: Wed 13.01.16 00:01]  117.5250
[255: Wed 13.01.16 04:01]  117.7320
[256: Wed 13.01.16 08:01]  118.3100
[257: Wed 13.01.16 12:01]  118.1410
[258: Wed 13.01.16 16:01]  118.2990
[259: Wed 13.01.16 20:01]  118.1650
[260: Thu 14.01.16 00:01]  117.8870
[261: Thu 14.01.16 04:01]  117.6310
[262: Thu 14.01.16 08:01]  117.4700
[263: Thu 14.01.16 12:01]  117.9060
[264: Thu 14.01.16 16:01]  117.7230
[265: Thu 14.01.16 20:01]  117.4920
[266: Fri 15.01.16 00:01]  118.1800
[267: Fri 15.01.16 04:01]  118.1410
[268: Fri 15.01.16 08:01]  117.9400
[269: Fri 15.01.16 12:01]  117.7590
[270: Fri 15.01.16 16:01]  117.3540
[271: Mon 18.01.16 00:01]  116.9290
[272: Mon 18.01.16 04:01]  116.9010
[273: Mon 18.01.16 08:01]  117.2550
[274: Mon 18.01.16 12:01]  117.2020
[275: Mon 18.01.16 16:01]  117.4340
[276: Mon 18.01.16 20:01]  117.3200
[277: Tue 19.01.16 00:01]  117.3440
[278: Tue 19.01.16 04:01]  117.3950
[279: Tue 19.01.16 08:01]  117.3430
[280: Tue 19.01.16 12:01]  117.8710
[281: Tue 19.01.16 16:01]  117.9750
[282: Tue 19.01.16 20:01]  117.7000
[283: Wed 20.01.16 00:01]  117.4910
[284: Wed 20.01.16 04:01]  117.6130
[285: Wed 20.01.16 08:01]  117.2270
[286: Wed 20.01.16 12:01]  116.6790
[287: Wed 20.01.16 16:01]  116.4260
[288: Wed 20.01.16 20:01]  116.5270
[289: Thu 21.01.16 00:01]  116.6550
[290: Thu 21.01.16 04:01]  116.9790
[291: Thu 21.01.16 08:01]  117.3870
[292: Thu 21.01.16 12:01]  116.7280
[293: Thu 21.01.16 16:01]  116.9690
[294: Thu 21.01.16 20:01]  117.0330
[295: Fri 22.01.16 00:01]  117.5420
[296: Fri 22.01.16 04:01]  117.7780
[297: Fri 22.01.16 08:01]  117.8860
[298: Fri 22.01.16 12:01]  118.0820
[299: Fri 22.01.16 16:01]  118.1800.
[300: Mon 25.01.16 00:01]  118.4220
[301: Mon 25.01.16 04:01]  118.7400
[302: Mon 25.01.16 08:01]  118.7600
[303: Mon 25.01.16 12:01]  118.7510
[304: Mon 25.01.16 16:01]  118.4010
[305: Mon 25.01.16 20:01]  118.4170
[306: Tue 26.01.16 00:01]  118.4610
[307: Tue 26.01.16 04:01]  118.3360
[308: Tue 26.01.16 08:01]  118.2360
[309: Tue 26.01.16 12:01]  117.8260
[310: Tue 26.01.16 16:01]  118.3810
[311: Tue 26.01.16 20:01]  118.4010
[312: Wed 27.01.16 00:01]  118.5720
[313: Wed 27.01.16 04:01]  118.4440
[314: Wed 27.01.16 08:01]  118.2240
[315: Wed 27.01.16 12:01]  118.3560
[316: Wed 27.01.16 16:01]  118.2740
[317: Wed 27.01.16 20:01]  118.5290
[318: Thu 28.01.16 00:01]  118.9570
[319: Thu 28.01.16 04:01]  118.5910
[320: Thu 28.01.16 08:01]  118.8010
[321: Thu 28.01.16 12:01]  118.6500
[322: Thu 28.01.16 16:01]  118.8490
[323: Thu 28.01.16 20:01]  118.8870
[324: Fri 29.01.16 00:01]  118.6940
[325: Fri 29.01.16 04:01]  118.7870
[326: Fri 29.01.16 08:01]  118.5940
[327: Fri 29.01.16 12:01]  120.6630
[328: Fri 29.01.16 16:01]  120.7260
[329: Mon 01.02.16 00:01]  121.5960
[330: Mon 01.02.16 04:01]  121.3930
[331: Mon 01.02.16 08:01]  121.2740
[332: Mon 01.02.16 12:01]  121.2870
[333: Mon 01.02.16 16:01]  121.2660
[334: Mon 01.02.16 20:01]  120.8210
[335: Tue 02.02.16 00:01]  121.1450
[336: Tue 02.02.16 04:01]  121.0160
[337: Tue 02.02.16 08:01]  120.8460
[338: Tue 02.02.16 12:01]  120.6500
[339: Tue 02.02.16 16:01]  120.7770
[340: Tue 02.02.16 20:01]  120.3350
[341: Wed 03.02.16 00:01]  120.0410
[342: Wed 03.02.16 04:01]  119.7460
[343: Wed 03.02.16 08:01]  119.6060
[344: Wed 03.02.16 12:01]  119.6560
[345: Wed 03.02.16 16:01]  119.2580
[346: Wed 03.02.16 20:01]  118.6310
[347: Thu 04.02.16 00:01]  117.0770
[348: Thu 04.02.16 04:01]  118.0570
[349: Thu 04.02.16 08:01]  118.0560
[350: Thu 04.02.16 12:01]  118.0100
[351: Thu 04.02.16 16:01]  117.4540
[352: Thu 04.02.16 20:01]  116.9520
[353: Fri 05.02.16 00:01]  116.6140
[354: Fri 05.02.16 04:01]  116.8680
[355: Fri 05.02.16 08:01]  116.8210
[356: Fri 05.02.16 12:01]  116.7970
[357: Fri 05.02.16 16:01]  116.8010
[358: Mon 08.02.16 00:01]  117.0090
[359: Mon 08.02.16 04:01]  116.9280
[360: Mon 08.02.16 08:01]  117.2420
[361: Mon 08.02.16 12:01]  117.4830
[362: Mon 08.02.16 16:01]  116.7000
[363: Mon 08.02.16 20:01]  116.1110
[364: Tue 09.02.16 00:01]  115.2820
[365: Tue 09.02.16 04:01]  115.5100
[366: Tue 09.02.16 08:01]  114.8290
[367: Tue 09.02.16 12:01]  114.9290
[368: Tue 09.02.16 16:01]  115.3380
[369: Tue 09.02.16 20:01]  115.0020
[370: Wed 10.02.16 00:01]  114.8200
[371: Wed 10.02.16 04:01]  115.1010
[372: Wed 10.02.16 08:01]  114.5820
[373: Wed 10.02.16 12:01]  114.7260
[374: Wed 10.02.16 16:01]  115.0210
[375: Wed 10.02.16 20:01]  114.7530
[376: Thu 11.02.16 00:01]  113.9900
[377: Thu 11.02.16 04:01]  113.5080
[378: Thu 11.02.16 08:01]  112.9540
[379: Thu 11.02.16 12:01]  112.5770
[380: Thu 11.02.16 16:01]  111.7300
[381: Thu 11.02.16 20:01]  112.5150
[382: Fri 12.02.16 00:01]  112.0500
[383: Fri 12.02.16 04:01]  112.5560
[384: Fri 12.02.16 08:01]  112.2640
[385: Fri 12.02.16 12:01]  111.8080
[386: Fri 12.02.16 16:01]  112.5260
[387: Mon 15.02.16 00:01]  112.7950
[388: Mon 15.02.16 04:01]  113.5370
[389: Mon 15.02.16 08:01]  113.8060
[390: Mon 15.02.16 12:01]  113.8700
[391: Mon 15.02.16 16:01]  113.9350
[392: Mon 15.02.16 20:01]  114.3580
[393: Tue 16.02.16 00:01]  114.6270
[394: Tue 16.02.16 04:01]  114.4460
[395: Tue 16.02.16 08:01]  114.6550
[396: Tue 16.02.16 12:01]  114.5970
[397: Tue 16.02.16 16:01]  113.7490
[398: Tue 16.02.16 20:01]  113.9630
[399: Wed 17.02.16 00:01]  113.9220.
[400: Wed 17.02.16 04:01]  114.2220
[401: Wed 17.02.16 08:01]  114.0310
[402: Wed 17.02.16 12:01]  113.6880
[403: Wed 17.02.16 16:01]  114.1150
[404: Wed 17.02.16 20:01]  114.2480
[405: Thu 18.02.16 00:01]  114.0760
[406: Thu 18.02.16 04:01]  114.0990
[407: Thu 18.02.16 08:01]  113.9700
[408: Thu 18.02.16 12:01]  113.8150
[409: Thu 18.02.16 16:01]  113.8820
[410: Thu 18.02.16 20:01]  113.7740
[411: Fri 19.02.16 00:01]  113.5210
[412: Fri 19.02.16 04:01]  113.3230
[413: Fri 19.02.16 08:01]  112.9060
[414: Fri 19.02.16 12:01]  113.0890
[415: Fri 19.02.16 16:01]  112.8580
[416: Mon 22.02.16 00:01]  112.9070
[417: Mon 22.02.16 04:01]  112.5880
[418: Mon 22.02.16 08:01]  112.9120
[419: Mon 22.02.16 12:01]  112.7570
[420: Mon 22.02.16 16:01]  113.1530
[421: Mon 22.02.16 20:01]  113.1260
[422: Tue 23.02.16 00:01]  113.1660
[423: Tue 23.02.16 04:01]  112.9180
[424: Tue 23.02.16 08:01]  112.2030
[425: Tue 23.02.16 12:01]  112.2610
[426: Tue 23.02.16 16:01]  112.0060
[427: Tue 23.02.16 20:01]  112.2720
[428: Wed 24.02.16 00:01]  112.0540
[429: Wed 24.02.16 04:01]  111.9850
[430: Wed 24.02.16 08:01]  111.9230
[431: Wed 24.02.16 12:01]  111.8720
[432: Wed 24.02.16 16:01]  111.7970
[433: Wed 24.02.16 20:01]  111.4620
[434: Thu 25.02.16 00:01]  111.4810
[435: Thu 25.02.16 04:01]  112.0450
[436: Thu 25.02.16 08:01]  112.3720
[437: Thu 25.02.16 12:01]  112.1810
[438: Thu 25.02.16 16:01]  112.2320
[439: Thu 25.02.16 20:01]  112.7810
[440: Fri 26.02.16 00:01]  112.9640
[441: Fri 26.02.16 04:01]  112.9040
[442: Fri 26.02.16 08:01]  112.8910
[443: Fri 26.02.16 12:01]  112.6880
[444: Fri 26.02.16 16:01]  113.0590
[445: Mon 29.02.16 00:01]  113.6500
[446: Mon 29.02.16 04:01]  113.6880
[447: Mon 29.02.16 08:01]  113.3890
[448: Mon 29.02.16 12:01]  112.9780
[449: Mon 29.02.16 16:01]  112.9190
[450: Mon 29.02.16 20:01]  112.8120
[451: Tue 01.03.16 00:01]  112.9430
[452: Tue 01.03.16 04:01]  112.3320
[453: Tue 01.03.16 08:01]  112.3510
[454: Tue 01.03.16 12:01]  112.6750
[455: Tue 01.03.16 16:01]  113.1700
[456: Tue 01.03.16 20:01]  113.1680
[457: Wed 02.03.16 00:01]  114.0930
[458: Wed 02.03.16 04:01]  114.0440
[459: Wed 02.03.16 08:01]  113.9810
[460: Wed 02.03.16 12:01]  114.3570
[461: Wed 02.03.16 16:01]  114.3190
[462: Wed 02.03.16 20:01]  113.9010
[463: Thu 03.03.16 00:01]  113.3940
[464: Thu 03.03.16 04:01]  113.6040
[465: Thu 03.03.16 08:01]  113.7440
[466: Thu 03.03.16 12:01]  114.1170
[467: Thu 03.03.16 16:01]  113.9410
[468: Thu 03.03.16 20:01]  113.5730
[469: Fri 04.03.16 00:01]  113.5730
[470: Fri 04.03.16 04:01]  113.7270
[471: Fri 04.03.16 08:01]  113.6390
[472: Fri 04.03.16 12:01]  113.9020
[473: Fri 04.03.16 16:01]  113.7000
[474: Mon 07.03.16 00:01]  113.3440
[475: Mon 07.03.16 04:01]  113.8540
[476: Mon 07.03.16 08:01]  113.7050
[477: Mon 07.03.16 12:01]  113.7010
[478: Mon 07.03.16 16:01]  113.4780
[479: Mon 07.03.16 20:01]  113.5980
[480: Tue 08.03.16 00:01]  113.4480
[481: Tue 08.03.16 04:01]  113.3630
[482: Tue 08.03.16 08:01]  112.9130
[483: Tue 08.03.16 12:01]  113.0440
[484: Tue 08.03.16 16:01]  112.8860
[485: Tue 08.03.16 20:01]  112.7500
[486: Wed 09.03.16 00:01]  112.6390
[487: Wed 09.03.16 04:01]  112.6780
[488: Wed 09.03.16 08:01]  112.6250
[489: Wed 09.03.16 12:01]  112.5480
[490: Wed 09.03.16 16:01]  112.3320
[491: Wed 09.03.16 20:01]  112.9130
[492: Thu 10.03.16 00:01]  113.2660
[493: Thu 10.03.16 04:01]  113.3050
[494: Thu 10.03.16 08:01]  113.5890
[495: Thu 10.03.16 12:01]  113.6540
[496: Thu 10.03.16 16:01]  113.4910
[497: Thu 10.03.16 20:01]  114.1140
[498: Fri 11.03.16 00:01]  112.8900
[499: Fri 11.03.16 04:01]  113.1540.
[500: Fri 11.03.16 08:01]  113.1580
[501: Fri 11.03.16 12:01]  113.5160
[502: Fri 11.03.16 16:01]  113.7940
[503: Mon 14.03.16 00:01]  113.4440
[504: Mon 14.03.16 04:01]  113.9180
[505: Mon 14.03.16 08:01]  113.9360
[506: Mon 14.03.16 12:01]  113.8010
[507: Mon 14.03.16 16:01]  113.5830
[508: Mon 14.03.16 20:01]  113.6210
[509: Tue 15.03.16 00:01]  113.7820
[510: Tue 15.03.16 04:01]  113.7940
[511: Tue 15.03.16 08:01]  113.7480
[512: Tue 15.03.16 12:01]  113.3980
[513: Tue 15.03.16 16:01]  113.1840
[514: Tue 15.03.16 20:01]  112.7580
[515: Wed 16.03.16 00:01]  113.0150
[516: Wed 16.03.16 04:01]  113.1950
[517: Wed 16.03.16 08:01]  113.4360
[518: Wed 16.03.16 12:01]  113.4070
[519: Wed 16.03.16 16:01]  113.5710
[520: Wed 16.03.16 20:01]  113.6970
[521: Thu 17.03.16 00:01]  113.6670
[522: Thu 17.03.16 04:01]  112.6680
[523: Thu 17.03.16 08:01]  112.7510
[524: Thu 17.03.16 12:01]  112.1800
[525: Thu 17.03.16 16:01]  111.4450
[526: Thu 17.03.16 20:01]  111.4190
[527: Fri 18.03.16 00:01]  111.3580
[528: Fri 18.03.16 04:01]  111.4220
[529: Fri 18.03.16 08:01]  111.0640
[530: Fri 18.03.16 12:01]  111.5660
[531: Fri 18.03.16 16:01]  111.3130
[532: Mon 21.03.16 00:01]  111.4820
[533: Mon 21.03.16 04:01]  111.5410
[534: Mon 21.03.16 08:01]  111.3420
[535: Mon 21.03.16 12:01]  111.4800
[536: Mon 21.03.16 16:01]  111.5430
[537: Mon 21.03.16 20:01]  111.7840
[538: Tue 22.03.16 00:01]  111.7850
[539: Tue 22.03.16 04:01]  111.9610
[540: Tue 22.03.16 08:01]  112.1000
[541: Tue 22.03.16 12:01]  112.0610
Error 062: Can't open Z12.htm (wb:13)